<?xml version="1.0" encoding="UTF-8"?>
<testng-results ignored="0" total="2" passed="2" failed="0" skipped="0">
  <reporter-output>
  </reporter-output>
  <suite started-at="2023-06-23T16:35:07 IST" name="Suite" finished-at="2023-06-23T16:35:36 IST" duration-ms="29221">
    <groups>
    </groups>
    <test started-at="2023-06-23T16:35:07 IST" name="Test" finished-at="2023-06-23T16:35:33 IST" duration-ms="25481">
      <class name="TestNG.ParallelExecution">
        <test-method signature="m1(java.lang.String)[pri:0, instance:TestNG.ParallelExecution@52102734]" started-at="2023-06-23T16:35:07 IST" name="m1" finished-at="2023-06-23T16:35:33 IST" duration-ms="25434" status="PASS">
          <params>
            <param index="0">
              <value>
                <![CDATA[chrome]]>
              </value>
            </param>
          </params>
          <reporter-output>
          </reporter-output>
        </test-method> <!-- m1 -->
      </class> <!-- TestNG.ParallelExecution -->
    </test> <!-- Test -->
    <test started-at="2023-06-23T16:35:07 IST" name="Test1" finished-at="2023-06-23T16:35:36 IST" duration-ms="29221">
      <class name="TestNG.ParallelExecution">
        <test-method signature="m1(java.lang.String)[pri:0, instance:TestNG.ParallelExecution@3514a4c0]" started-at="2023-06-23T16:35:07 IST" name="m1" finished-at="2023-06-23T16:35:36 IST" duration-ms="29190" status="PASS">
          <params>
            <param index="0">
              <value>
                <![CDATA[edge]]>
              </value>
            </param>
          </params>
          <reporter-output>
          </reporter-output>
        </test-method> <!-- m1 -->
      </class> <!-- TestNG.ParallelExecution -->
    </test> <!-- Test1 -->
  </suite> <!-- Suite -->
</testng-results>
